<?xml version="1.0" encoding="UTF-8"?>
<!-- Generated by org.testng.reporters.JUnitXMLReporter -->
<testsuite hostname="LT-Dell" ignored="4" name="Test" tests="3" failures="3" timestamp="28 Oct 2018 18:12:15 GMT" time="0.063" errors="0">
  <testcase name="QuotesSettingsTest" time="0.016" classname="com.crm.QuotesTest.QuotesTest">
    <failure type="java.lang.NullPointerException">
      <![CDATA[java.lang.NullPointerException
at com.crm.QuotesTest.QuotesTest.QuotesSettingsTest(QuotesTest.java:389)
... Removed 25 stack frames]]>
    </failure>
  </testcase> <!-- QuotesSettingsTest -->
  <testcase name="createQuotes" time="0.0" classname="com.crm.QuotesTest.QuotesTest">
    <failure type="java.lang.NullPointerException">
      <![CDATA[java.lang.NullPointerException
at com.crm.QuotesTest.QuotesTest.createQuotes(QuotesTest.java:36)
... Removed 25 stack frames]]>
    </failure>
  </testcase> <!-- createQuotes -->
  <testcase name="createQuotesTest1" time="0.0" classname="com.crm.QuotesTest.QuotesTest">
    <failure type="java.lang.NullPointerException">
      <![CDATA[java.lang.NullPointerException
at com.crm.QuotesTest.QuotesTest.createQuotesTest1(QuotesTest.java:284)
... Removed 25 stack frames]]>
    </failure>
  </testcase> <!-- createQuotesTest1 -->
  <testcase name="createQuoteswithoutFillingTest" time="0.0" classname="com.crm.QuotesTest.QuotesTest">
    <ignored/>
  </testcase> <!-- createQuoteswithoutFillingTest -->
  <testcase name="createQuotesTest" time="0.0" classname="com.crm.QuotesTest.QuotesTest2">
    <ignored/>
  </testcase> <!-- createQuotesTest -->
  <testcase name="QuotesSettingsTest" time="0.0" classname="com.crm.QuotesTest.QuotesTest2">
    <ignored/>
  </testcase> <!-- QuotesSettingsTest -->
  <testcase name="createQuotesTest" time="0.0" classname="com.crm.QuotesTest.QuotesTest">
    <ignored/>
  </testcase> <!-- createQuotesTest -->
</testsuite> <!-- Test -->
