<?xml version="1.0" encoding="UTF-8"?>
<testng-results skipped="0" failed="0" ignored="0" total="1" passed="1">
  <reporter-output>
  </reporter-output>
  <suite name="Default suite" duration-ms="61555" started-at="2018-10-29T15:37:46Z" finished-at="2018-10-29T15:38:48Z">
    <groups>
    </groups>
    <test name="Default test" duration-ms="61555" started-at="2018-10-29T15:37:46Z" finished-at="2018-10-29T15:38:48Z">
      <class name="com.crm.ObjectRepository.NewQuotesTest">
        <test-method status="PASS" signature="configBS()[pri:0, instance:com.crm.ObjectRepository.NewQuotesTest@5bcab519]" name="configBS" is-config="true" duration-ms="718" started-at="2018-10-29T15:37:46Z" finished-at="2018-10-29T15:37:46Z">
          <reporter-output>
          </reporter-output>
        </test-method> <!-- configBS -->
        <test-method status="PASS" signature="configBC()[pri:0, instance:com.crm.ObjectRepository.NewQuotesTest@5bcab519]" name="configBC" is-config="true" duration-ms="21372" started-at="2018-10-29T15:37:46Z" finished-at="2018-10-29T15:38:08Z">
          <reporter-output>
          </reporter-output>
        </test-method> <!-- configBC -->
        <test-method status="PASS" signature="configBM()[pri:0, instance:com.crm.ObjectRepository.NewQuotesTest@5bcab519]" name="configBM" is-config="true" duration-ms="9050" started-at="2018-10-29T15:38:08Z" finished-at="2018-10-29T15:38:17Z">
          <reporter-output>
          </reporter-output>
        </test-method> <!-- configBM -->
        <test-method status="PASS" signature="CreateNewQuotesTest()[pri:0, instance:com.crm.ObjectRepository.NewQuotesTest@5bcab519]" name="CreateNewQuotesTest" duration-ms="25410" started-at="2018-10-29T15:38:17Z" finished-at="2018-10-29T15:38:42Z">
          <reporter-output>
          </reporter-output>
        </test-method> <!-- CreateNewQuotesTest -->
        <test-method status="PASS" signature="configAM()[pri:0, instance:com.crm.ObjectRepository.NewQuotesTest@5bcab519]" name="configAM" is-config="true" duration-ms="5672" started-at="2018-10-29T15:38:42Z" finished-at="2018-10-29T15:38:48Z">
          <reporter-output>
          </reporter-output>
        </test-method> <!-- configAM -->
        <test-method status="PASS" signature="configAs()[pri:0, instance:com.crm.ObjectRepository.NewQuotesTest@5bcab519]" name="configAs" is-config="true" duration-ms="915" started-at="2018-10-29T15:38:48Z" finished-at="2018-10-29T15:38:49Z">
          <reporter-output>
          </reporter-output>
        </test-method> <!-- configAs -->
      </class> <!-- com.crm.ObjectRepository.NewQuotesTest -->
    </test> <!-- Default test -->
  </suite> <!-- Default suite -->
</testng-results>
